<?xml version="1.0" encoding="UTF-8"?>
<!-- Generated by org.testng.reporters.JUnitReportReporter -->
<testsuite ignored="0" hostname="DESKTOP-S9G692P" failures="0" tests="1" name="seleniumPrac.PruebaTest" time="18.467" errors="0" timestamp="20 ene. 2024 15:50:05 GMT" skipped="0">
  <testcase classname="seleniumPrac.PruebaTest" name="f" time="18.467"/>
</testsuite> <!-- seleniumPrac.PruebaTest -->
